[2025-10-22 06:00:57] ========================================
[2025-10-22 06:00:57] INFO: Webhook dipanggil pada 2025-10-22 06:00:57
[2025-10-22 06:00:58] DATA: Attempt Order Number: WK-1761105653-6-1
[2025-10-22 06:00:58] DATA: Transaction Status: pending
[2025-10-22 06:00:58] DATA: Transaction ID: 62bb7a96-c458-424f-8348-838befd7b013
[2025-10-22 06:00:58] DATA: Fraud Status: accept
[2025-10-22 06:00:58] DATA: Status Code: 201
[2025-10-22 06:00:58] DATA: Gross Amount: 50000.00
[2025-10-22 06:00:58] SUCCESS: Signature key valid
[2025-10-22 06:00:58] INFO: Found Order ID: 66
[2025-10-22 06:00:58] INFO: Database transaction started
[2025-10-22 06:00:58] INFO: Current order status: waiting_payment
[2025-10-22 06:00:58] INFO: User ID: 6
[2025-10-22 06:00:58] WARNING: Unhandled transaction status: pending
[2025-10-22 06:00:58] SUCCESS: Database transaction committed
[2025-10-22 06:00:58] ========================================

[2025-10-22 06:01:14] ========================================
[2025-10-22 06:01:14] INFO: Webhook dipanggil pada 2025-10-22 06:01:14
[2025-10-22 06:01:15] DATA: Attempt Order Number: WK-1761105653-6-1
[2025-10-22 06:01:15] DATA: Transaction Status: settlement
[2025-10-22 06:01:15] DATA: Transaction ID: 62bb7a96-c458-424f-8348-838befd7b013
[2025-10-22 06:01:15] DATA: Fraud Status: accept
[2025-10-22 06:01:15] DATA: Status Code: 200
[2025-10-22 06:01:15] DATA: Gross Amount: 50000.00
[2025-10-22 06:01:15] SUCCESS: Signature key valid
[2025-10-22 06:01:15] INFO: Found Order ID: 66
[2025-10-22 06:01:15] INFO: Database transaction started
[2025-10-22 06:01:15] INFO: Current order status: waiting_payment
[2025-10-22 06:01:15] INFO: User ID: 6
[2025-10-22 06:01:15] ACTION: Payment SUCCESS - Setting status to 'belum_dicetak'
[2025-10-22 06:01:15] SUCCESS: Order status updated to 'belum_dicetak' for Order ID: 66
[2025-10-22 06:01:15] INFO: Processing purchase records...
[2025-10-22 06:01:15] INFO: Found 1 items in order
[2025-10-22 06:01:15] SUCCESS: Recorded purchase - User: 6, Product: 5 (Gelasan Udhix Green On Fire), Cycle: 5, Qty: 1
[2025-10-22 06:01:15] INFO: Success notification sent to user 6
[2025-10-22 06:01:15] SUCCESS: Database transaction committed
[2025-10-22 06:01:15] ========================================

[2025-10-22 06:01:40] ========================================
[2025-10-22 06:01:40] INFO: Webhook dipanggil pada 2025-10-22 06:01:40
[2025-10-22 06:01:41] DATA: Attempt Order Number: WK-1761105697-6-1
[2025-10-22 06:01:41] DATA: Transaction Status: pending
[2025-10-22 06:01:41] DATA: Transaction ID: 92ca51a8-0986-4d20-afe2-0338b0f52026
[2025-10-22 06:01:41] DATA: Fraud Status: accept
[2025-10-22 06:01:41] DATA: Status Code: 201
[2025-10-22 06:01:41] DATA: Gross Amount: 400000.00
[2025-10-22 06:01:41] SUCCESS: Signature key valid
[2025-10-22 06:01:41] INFO: Found Order ID: 67
[2025-10-22 06:01:41] INFO: Database transaction started
[2025-10-22 06:01:41] INFO: Current order status: waiting_payment
[2025-10-22 06:01:41] INFO: User ID: 6
[2025-10-22 06:01:41] WARNING: Unhandled transaction status: pending
[2025-10-22 06:01:41] SUCCESS: Database transaction committed
[2025-10-22 06:01:41] ========================================

[2025-10-22 06:01:46] ========================================
[2025-10-22 06:01:46] INFO: Webhook dipanggil pada 2025-10-22 06:01:46
[2025-10-22 06:01:47] DATA: Attempt Order Number: WK-1761105697-6-1
[2025-10-22 06:01:47] DATA: Transaction Status: settlement
[2025-10-22 06:01:47] DATA: Transaction ID: 92ca51a8-0986-4d20-afe2-0338b0f52026
[2025-10-22 06:01:47] DATA: Fraud Status: accept
[2025-10-22 06:01:47] DATA: Status Code: 200
[2025-10-22 06:01:47] DATA: Gross Amount: 400000.00
[2025-10-22 06:01:47] SUCCESS: Signature key valid
[2025-10-22 06:01:47] INFO: Found Order ID: 67
[2025-10-22 06:01:47] INFO: Database transaction started
[2025-10-22 06:01:47] INFO: Current order status: belum_dicetak
[2025-10-22 06:01:47] INFO: User ID: 6
[2025-10-22 06:01:47] INFO: Order already processed. Current status: belum_dicetak. Ignoring.
[2025-10-22 06:02:09] ========================================
[2025-10-22 06:02:09] INFO: Webhook dipanggil pada 2025-10-22 06:02:09
[2025-10-22 06:02:10] DATA: Attempt Order Number: WK-1761105723-6-1
[2025-10-22 06:02:10] DATA: Transaction Status: pending
[2025-10-22 06:02:10] DATA: Transaction ID: f2008673-7749-4902-bd76-8b411b6a3d5e
[2025-10-22 06:02:10] DATA: Fraud Status: accept
[2025-10-22 06:02:10] DATA: Status Code: 201
[2025-10-22 06:02:10] DATA: Gross Amount: 400000.00
[2025-10-22 06:02:10] SUCCESS: Signature key valid
[2025-10-22 06:02:10] INFO: Found Order ID: 68
[2025-10-22 06:02:10] INFO: Database transaction started
[2025-10-22 06:02:10] INFO: Current order status: waiting_payment
[2025-10-22 06:02:10] INFO: User ID: 6
[2025-10-22 06:02:10] WARNING: Unhandled transaction status: pending
[2025-10-22 06:02:10] SUCCESS: Database transaction committed
[2025-10-22 06:02:10] ========================================

[2025-10-22 06:03:03] ========================================
[2025-10-22 06:03:03] INFO: Webhook dipanggil pada 2025-10-22 06:03:03
[2025-10-22 06:03:04] DATA: Attempt Order Number: WK-1761105723-6-1
[2025-10-22 06:03:04] DATA: Transaction Status: settlement
[2025-10-22 06:03:04] DATA: Transaction ID: f2008673-7749-4902-bd76-8b411b6a3d5e
[2025-10-22 06:03:04] DATA: Fraud Status: accept
[2025-10-22 06:03:04] DATA: Status Code: 200
[2025-10-22 06:03:04] DATA: Gross Amount: 400000.00
[2025-10-22 06:03:04] SUCCESS: Signature key valid
[2025-10-22 06:03:04] INFO: Found Order ID: 68
[2025-10-22 06:03:04] INFO: Database transaction started
[2025-10-22 06:03:04] INFO: Current order status: waiting_payment
[2025-10-22 06:03:04] INFO: User ID: 6
[2025-10-22 06:03:04] ACTION: Payment SUCCESS - Setting status to 'belum_dicetak'
[2025-10-22 06:03:04] SUCCESS: Order status updated to 'belum_dicetak' for Order ID: 68
[2025-10-22 06:03:04] INFO: Processing purchase records...
[2025-10-22 06:03:04] INFO: Found 1 items in order
[2025-10-22 06:03:04] SUCCESS: Recorded purchase - User: 6, Product: 5 (Gelasan Udhix Green On Fire), Cycle: 5, Qty: 8
[2025-10-22 06:03:04] INFO: Success notification sent to user 6
[2025-10-22 06:03:04] SUCCESS: Database transaction committed
[2025-10-22 06:03:04] ========================================

[2025-10-22 06:05:31] ========================================
[2025-10-22 06:05:31] INFO: Webhook dipanggil pada 2025-10-22 06:05:31
[2025-10-22 06:05:33] DATA: Attempt Order Number: WK-1761105927-6-1
[2025-10-22 06:05:33] DATA: Transaction Status: pending
[2025-10-22 06:05:33] DATA: Transaction ID: d38c7805-e355-44d3-9caf-2983c2f6d492
[2025-10-22 06:05:33] DATA: Fraud Status: accept
[2025-10-22 06:05:33] DATA: Status Code: 201
[2025-10-22 06:05:33] DATA: Gross Amount: 500000.00
[2025-10-22 06:05:33] SUCCESS: Signature key valid
[2025-10-22 06:05:33] INFO: Found Order ID: 69
[2025-10-22 06:05:33] INFO: Database transaction started
[2025-10-22 06:05:33] INFO: Current order status: waiting_payment
[2025-10-22 06:05:33] INFO: User ID: 6
[2025-10-22 06:05:33] WARNING: Unhandled transaction status: pending
[2025-10-22 06:05:33] SUCCESS: Database transaction committed
[2025-10-22 06:05:33] ========================================

[2025-10-22 06:05:37] ========================================
[2025-10-22 06:05:37] INFO: Webhook dipanggil pada 2025-10-22 06:05:37
[2025-10-22 06:05:38] DATA: Attempt Order Number: WK-1761105927-6-1
[2025-10-22 06:05:38] DATA: Transaction Status: settlement
[2025-10-22 06:05:38] DATA: Transaction ID: d38c7805-e355-44d3-9caf-2983c2f6d492
[2025-10-22 06:05:38] DATA: Fraud Status: accept
[2025-10-22 06:05:38] DATA: Status Code: 200
[2025-10-22 06:05:38] DATA: Gross Amount: 500000.00
[2025-10-22 06:05:38] SUCCESS: Signature key valid
[2025-10-22 06:05:38] INFO: Found Order ID: 69
[2025-10-22 06:05:38] INFO: Database transaction started
[2025-10-22 06:05:38] INFO: Current order status: waiting_payment
[2025-10-22 06:05:38] INFO: User ID: 6
[2025-10-22 06:05:38] ACTION: Payment SUCCESS - Setting status to 'belum_dicetak'
[2025-10-22 06:05:38] SUCCESS: Order status updated to 'belum_dicetak' for Order ID: 69
[2025-10-22 06:05:38] INFO: Processing purchase records...
[2025-10-22 06:05:38] INFO: Found 1 items in order
[2025-10-22 06:05:38] SUCCESS: Recorded purchase - User: 6, Product: 5 (Gelasan Udhix Green On Fire), Cycle: 6, Qty: 10
[2025-10-22 06:05:38] INFO: Success notification sent to user 6
[2025-10-22 06:05:38] SUCCESS: Database transaction committed
[2025-10-22 06:05:38] ========================================

[2025-10-22 06:18:00] ========================================
[2025-10-22 06:18:00] INFO: Webhook dipanggil pada 2025-10-22 06:18:00
[2025-10-22 06:18:01] DATA: Attempt Order Number: WK-1761106677-6-1
[2025-10-22 06:18:01] DATA: Transaction Status: pending
[2025-10-22 06:18:01] DATA: Transaction ID: 573a23b5-d154-4b88-b4b8-40d1c42d347e
[2025-10-22 06:18:01] DATA: Fraud Status: accept
[2025-10-22 06:18:01] DATA: Status Code: 201
[2025-10-22 06:18:01] DATA: Gross Amount: 500000.00
[2025-10-22 06:18:01] SUCCESS: Signature key valid
[2025-10-22 06:18:01] INFO: Found Order ID: 70
[2025-10-22 06:18:01] INFO: Database transaction started
[2025-10-22 06:18:01] INFO: Current order status: waiting_payment
[2025-10-22 06:18:01] INFO: User ID: 6
[2025-10-22 06:18:01] WARNING: Unhandled transaction status: pending
[2025-10-22 06:18:01] SUCCESS: Database transaction committed
[2025-10-22 06:18:01] ========================================

[2025-10-22 06:18:06] ========================================
[2025-10-22 06:18:06] INFO: Webhook dipanggil pada 2025-10-22 06:18:06
[2025-10-22 06:18:07] DATA: Attempt Order Number: WK-1761106677-6-1
[2025-10-22 06:18:07] DATA: Transaction Status: settlement
[2025-10-22 06:18:07] DATA: Transaction ID: 573a23b5-d154-4b88-b4b8-40d1c42d347e
[2025-10-22 06:18:07] DATA: Fraud Status: accept
[2025-10-22 06:18:07] DATA: Status Code: 200
[2025-10-22 06:18:07] DATA: Gross Amount: 500000.00
[2025-10-22 06:18:07] SUCCESS: Signature key valid
[2025-10-22 06:18:07] INFO: Found Order ID: 70
[2025-10-22 06:18:07] INFO: Database transaction started
[2025-10-22 06:18:07] INFO: Current order status: belum_dicetak
[2025-10-22 06:18:07] INFO: User ID: 6
[2025-10-22 06:18:07] INFO: Order already processed. Current status: belum_dicetak. Ignoring.
[2025-10-22 06:18:22] ========================================
[2025-10-22 06:18:22] INFO: Webhook dipanggil pada 2025-10-22 06:18:22
[2025-10-22 06:18:23] DATA: Attempt Order Number: WK-1761106700-6-1
[2025-10-22 06:18:23] DATA: Transaction Status: pending
[2025-10-22 06:18:23] DATA: Transaction ID: 6c8c7c57-e103-424b-b263-966facd24156
[2025-10-22 06:18:23] DATA: Fraud Status: accept
[2025-10-22 06:18:23] DATA: Status Code: 201
[2025-10-22 06:18:23] DATA: Gross Amount: 50000.00
[2025-10-22 06:18:23] SUCCESS: Signature key valid
[2025-10-22 06:18:23] INFO: Found Order ID: 71
[2025-10-22 06:18:23] INFO: Database transaction started
[2025-10-22 06:18:23] INFO: Current order status: waiting_payment
[2025-10-22 06:18:23] INFO: User ID: 6
[2025-10-22 06:18:23] WARNING: Unhandled transaction status: pending
[2025-10-22 06:18:23] SUCCESS: Database transaction committed
[2025-10-22 06:18:23] ========================================

[2025-10-22 06:18:28] ========================================
[2025-10-22 06:18:28] INFO: Webhook dipanggil pada 2025-10-22 06:18:28
[2025-10-22 06:18:29] DATA: Attempt Order Number: WK-1761106700-6-1
[2025-10-22 06:18:29] DATA: Transaction Status: settlement
[2025-10-22 06:18:29] DATA: Transaction ID: 6c8c7c57-e103-424b-b263-966facd24156
[2025-10-22 06:18:29] DATA: Fraud Status: accept
[2025-10-22 06:18:29] DATA: Status Code: 200
[2025-10-22 06:18:29] DATA: Gross Amount: 50000.00
[2025-10-22 06:18:29] SUCCESS: Signature key valid
[2025-10-22 06:18:29] INFO: Found Order ID: 71
[2025-10-22 06:18:29] INFO: Database transaction started
[2025-10-22 06:18:29] INFO: Current order status: waiting_payment
[2025-10-22 06:18:29] INFO: User ID: 6
[2025-10-22 06:18:29] ACTION: Payment SUCCESS - Setting status to 'belum_dicetak'
[2025-10-22 06:18:29] SUCCESS: Order status updated to 'belum_dicetak' for Order ID: 71
[2025-10-22 06:18:29] INFO: Processing purchase records...
[2025-10-22 06:18:29] INFO: Found 1 items in order
[2025-10-22 06:18:29] SUCCESS: Recorded purchase - User: 6, Product: 5 (Gelasan Udhix Green On Fire), Cycle: 7, Qty: 1
[2025-10-22 06:18:29] INFO: Success notification sent to user 6
[2025-10-22 06:18:29] SUCCESS: Database transaction committed
[2025-10-22 06:18:29] ========================================

[2025-10-22 06:18:49] ========================================
[2025-10-22 06:18:49] INFO: Webhook dipanggil pada 2025-10-22 06:18:49
[2025-10-22 06:18:50] DATA: Attempt Order Number: WK-1761106726-6-1
[2025-10-22 06:18:50] DATA: Transaction Status: pending
[2025-10-22 06:18:50] DATA: Transaction ID: 594aed89-c26c-4567-be36-057514412782
[2025-10-22 06:18:50] DATA: Fraud Status: accept
[2025-10-22 06:18:50] DATA: Status Code: 201
[2025-10-22 06:18:50] DATA: Gross Amount: 450000.00
[2025-10-22 06:18:50] SUCCESS: Signature key valid
[2025-10-22 06:18:50] INFO: Found Order ID: 72
[2025-10-22 06:18:50] INFO: Database transaction started
[2025-10-22 06:18:50] INFO: Current order status: waiting_payment
[2025-10-22 06:18:50] INFO: User ID: 6
[2025-10-22 06:18:50] WARNING: Unhandled transaction status: pending
[2025-10-22 06:18:50] SUCCESS: Database transaction committed
[2025-10-22 06:18:50] ========================================

[2025-10-22 06:18:52] ========================================
[2025-10-22 06:18:52] INFO: Webhook dipanggil pada 2025-10-22 06:18:52
[2025-10-22 06:18:53] DATA: Attempt Order Number: WK-1761106726-6-1
[2025-10-22 06:18:53] DATA: Transaction Status: settlement
[2025-10-22 06:18:53] DATA: Transaction ID: 594aed89-c26c-4567-be36-057514412782
[2025-10-22 06:18:53] DATA: Fraud Status: accept
[2025-10-22 06:18:53] DATA: Status Code: 200
[2025-10-22 06:18:53] DATA: Gross Amount: 450000.00
[2025-10-22 06:18:53] SUCCESS: Signature key valid
[2025-10-22 06:18:53] INFO: Found Order ID: 72
[2025-10-22 06:18:53] INFO: Database transaction started
[2025-10-22 06:18:53] INFO: Current order status: waiting_payment
[2025-10-22 06:18:53] INFO: User ID: 6
[2025-10-22 06:18:53] ACTION: Payment SUCCESS - Setting status to 'belum_dicetak'
[2025-10-22 06:18:53] SUCCESS: Order status updated to 'belum_dicetak' for Order ID: 72
[2025-10-22 06:18:53] INFO: Processing purchase records...
[2025-10-22 06:18:53] INFO: Found 1 items in order
[2025-10-22 06:18:53] SUCCESS: Recorded purchase - User: 6, Product: 5 (Gelasan Udhix Green On Fire), Cycle: 7, Qty: 9
[2025-10-22 06:18:53] INFO: Success notification sent to user 6
[2025-10-22 06:18:53] SUCCESS: Database transaction committed
[2025-10-22 06:18:53] ========================================

[2025-10-22 06:37:28] ========================================
[2025-10-22 06:37:28] INFO: Webhook dipanggil pada 2025-10-22 06:37:28
[2025-10-22 06:37:29] DATA: Attempt Order Number: WK2510220012-T1761107843
[2025-10-22 06:37:29] DATA: Transaction Status: pending
[2025-10-22 06:37:29] DATA: Transaction ID: c2648709-257f-44c4-baaf-b9e01beec69a
[2025-10-22 06:37:29] DATA: Fraud Status: accept
[2025-10-22 06:37:29] DATA: Status Code: 201
[2025-10-22 06:37:29] DATA: Gross Amount: 500000.00
[2025-10-22 06:37:29] SUCCESS: Signature key valid
[2025-10-22 06:37:29] INFO: Found Order ID: 73
[2025-10-22 06:37:29] INFO: Database transaction started
[2025-10-22 06:37:29] INFO: Current order status: waiting_payment
[2025-10-22 06:37:29] INFO: User ID: 6
[2025-10-22 06:37:29] WARNING: Unhandled transaction status: pending
[2025-10-22 06:37:29] SUCCESS: Database transaction committed
[2025-10-22 06:37:29] ========================================

[2025-10-22 06:37:59] ========================================
[2025-10-22 06:37:59] INFO: Webhook dipanggil pada 2025-10-22 06:37:59
[2025-10-22 06:37:59] DATA: Attempt Order Number: WK2510220012-T1761107843
[2025-10-22 06:37:59] DATA: Transaction Status: settlement
[2025-10-22 06:37:59] DATA: Transaction ID: c2648709-257f-44c4-baaf-b9e01beec69a
[2025-10-22 06:37:59] DATA: Fraud Status: accept
[2025-10-22 06:37:59] DATA: Status Code: 200
[2025-10-22 06:37:59] DATA: Gross Amount: 500000.00
[2025-10-22 06:37:59] SUCCESS: Signature key valid
[2025-10-22 06:37:59] INFO: Found Order ID: 73
[2025-10-22 06:37:59] INFO: Database transaction started
[2025-10-22 06:37:59] INFO: Current order status: waiting_payment
[2025-10-22 06:37:59] INFO: User ID: 6
[2025-10-22 06:37:59] ACTION: Payment SUCCESS - Setting status to 'belum_dicetak'
[2025-10-22 06:37:59] SUCCESS: Order status updated to 'belum_dicetak' for Order ID: 73
[2025-10-22 06:37:59] INFO: Processing purchase records...
[2025-10-22 06:37:59] INFO: Found 1 items in order
[2025-10-22 06:37:59] SUCCESS: Recorded purchase - User: 6, Product: 5 (Gelasan Udhix Green On Fire), Cycle: 8, Qty: 10
[2025-10-22 06:37:59] INFO: Success notification sent to user 6
[2025-10-22 06:37:59] SUCCESS: Database transaction committed
[2025-10-22 06:37:59] ========================================

[2025-10-22 06:38:43] ========================================
[2025-10-22 06:38:43] INFO: Webhook dipanggil pada 2025-10-22 06:38:43
[2025-10-22 06:38:44] DATA: Attempt Order Number: WK2510220013-T1761107919
[2025-10-22 06:38:44] DATA: Transaction Status: pending
[2025-10-22 06:38:44] DATA: Transaction ID: 8b3ceaee-beb4-44d8-9b48-60849ec904f9
[2025-10-22 06:38:44] DATA: Fraud Status: accept
[2025-10-22 06:38:44] DATA: Status Code: 201
[2025-10-22 06:38:44] DATA: Gross Amount: 500000.00
[2025-10-22 06:38:44] SUCCESS: Signature key valid
[2025-10-22 06:38:44] INFO: Found Order ID: 74
[2025-10-22 06:38:44] INFO: Database transaction started
[2025-10-22 06:38:44] INFO: Current order status: waiting_payment
[2025-10-22 06:38:44] INFO: User ID: 6
[2025-10-22 06:38:44] WARNING: Unhandled transaction status: pending
[2025-10-22 06:38:44] SUCCESS: Database transaction committed
[2025-10-22 06:38:44] ========================================

[2025-10-22 06:38:45] ========================================
[2025-10-22 06:38:45] INFO: Webhook dipanggil pada 2025-10-22 06:38:45
[2025-10-22 06:38:46] DATA: Attempt Order Number: WK2510220013-T1761107919
[2025-10-22 06:38:46] DATA: Transaction Status: settlement
[2025-10-22 06:38:46] DATA: Transaction ID: 8b3ceaee-beb4-44d8-9b48-60849ec904f9
[2025-10-22 06:38:46] DATA: Fraud Status: accept
[2025-10-22 06:38:46] DATA: Status Code: 200
[2025-10-22 06:38:46] DATA: Gross Amount: 500000.00
[2025-10-22 06:38:46] SUCCESS: Signature key valid
[2025-10-22 06:38:46] INFO: Found Order ID: 74
[2025-10-22 06:38:46] INFO: Database transaction started
[2025-10-22 06:38:46] INFO: Current order status: belum_dicetak
[2025-10-22 06:38:46] INFO: User ID: 6
[2025-10-22 06:38:46] INFO: Order already processed. Current status: belum_dicetak. Ignoring.
[2025-10-22 06:43:08] ========================================
[2025-10-22 06:43:08] INFO: Webhook dipanggil pada 2025-10-22 06:43:08
[2025-10-22 06:43:09] DATA: Attempt Order Number: WK2510220014-T1761108183
[2025-10-22 06:43:09] DATA: Transaction Status: pending
[2025-10-22 06:43:09] DATA: Transaction ID: 20ef7529-60e5-4b4c-a002-c9fe10f8ae3e
[2025-10-22 06:43:09] DATA: Fraud Status: accept
[2025-10-22 06:43:09] DATA: Status Code: 201
[2025-10-22 06:43:09] DATA: Gross Amount: 500000.00
[2025-10-22 06:43:09] SUCCESS: Signature key valid
[2025-10-22 06:43:09] INFO: Found Order ID: 75
[2025-10-22 06:43:09] INFO: Database transaction started
[2025-10-22 06:43:09] INFO: Current order status: waiting_payment
[2025-10-22 06:43:09] INFO: User ID: 6
[2025-10-22 06:43:09] WARNING: Unhandled transaction status: pending
[2025-10-22 06:43:09] SUCCESS: Database transaction committed
[2025-10-22 06:43:09] ========================================

[2025-10-22 06:43:36] ========================================
[2025-10-22 06:43:36] INFO: Webhook dipanggil pada 2025-10-22 06:43:36
[2025-10-22 06:43:37] DATA: Attempt Order Number: WK2510220014-T1761108183
[2025-10-22 06:43:37] DATA: Transaction Status: settlement
[2025-10-22 06:43:37] DATA: Transaction ID: 20ef7529-60e5-4b4c-a002-c9fe10f8ae3e
[2025-10-22 06:43:37] DATA: Fraud Status: accept
[2025-10-22 06:43:37] DATA: Status Code: 200
[2025-10-22 06:43:37] DATA: Gross Amount: 500000.00
[2025-10-22 06:43:37] SUCCESS: Signature key valid
[2025-10-22 06:43:37] INFO: Found Order ID: 75
[2025-10-22 06:43:37] INFO: Database transaction started
[2025-10-22 06:43:37] INFO: Current order status: waiting_payment
[2025-10-22 06:43:37] INFO: User ID: 6
[2025-10-22 06:43:37] ACTION: Payment SUCCESS - Setting status to 'belum_dicetak'
[2025-10-22 06:43:37] SUCCESS: Order status updated to 'belum_dicetak' for Order ID: 75
[2025-10-22 06:43:37] INFO: Processing purchase records...
[2025-10-22 06:43:37] INFO: Found 1 items in order
[2025-10-22 06:43:37] SUCCESS: Recorded purchase - User: 6, Product: 5 (Gelasan Udhix Green On Fire), Cycle: 9, Qty: 10
[2025-10-22 06:43:37] INFO: Success notification sent to user 6
[2025-10-22 06:43:37] SUCCESS: Database transaction committed
[2025-10-22 06:43:37] ========================================

[2025-10-22 06:44:30] ========================================
[2025-10-22 06:44:30] INFO: Webhook dipanggil pada 2025-10-22 06:44:30
[2025-10-22 06:44:31] DATA: Attempt Order Number: WK2510220015-T1761108265
[2025-10-22 06:44:31] DATA: Transaction Status: pending
[2025-10-22 06:44:31] DATA: Transaction ID: d3cf8a13-8a68-4dec-8e77-10f86fd81d8b
[2025-10-22 06:44:31] DATA: Fraud Status: accept
[2025-10-22 06:44:31] DATA: Status Code: 201
[2025-10-22 06:44:31] DATA: Gross Amount: 500000.00
[2025-10-22 06:44:31] SUCCESS: Signature key valid
[2025-10-22 06:44:31] INFO: Found Order ID: 76
[2025-10-22 06:44:31] INFO: Database transaction started
[2025-10-22 06:44:31] INFO: Current order status: waiting_payment
[2025-10-22 06:44:31] INFO: User ID: 6
[2025-10-22 06:44:31] WARNING: Unhandled transaction status: pending
[2025-10-22 06:44:31] SUCCESS: Database transaction committed
[2025-10-22 06:44:31] ========================================

[2025-10-22 06:44:32] ========================================
[2025-10-22 06:44:32] INFO: Webhook dipanggil pada 2025-10-22 06:44:32
[2025-10-22 06:44:33] DATA: Attempt Order Number: WK2510220015-T1761108265
[2025-10-22 06:44:33] DATA: Transaction Status: settlement
[2025-10-22 06:44:33] DATA: Transaction ID: d3cf8a13-8a68-4dec-8e77-10f86fd81d8b
[2025-10-22 06:44:33] DATA: Fraud Status: accept
[2025-10-22 06:44:33] DATA: Status Code: 200
[2025-10-22 06:44:33] DATA: Gross Amount: 500000.00
[2025-10-22 06:44:33] SUCCESS: Signature key valid
[2025-10-22 06:44:33] INFO: Found Order ID: 76
[2025-10-22 06:44:33] INFO: Database transaction started
[2025-10-22 06:44:33] INFO: Current order status: waiting_payment
[2025-10-22 06:44:33] INFO: User ID: 6
[2025-10-22 06:44:33] ACTION: Payment SUCCESS - Setting status to 'belum_dicetak'
[2025-10-22 06:44:33] SUCCESS: Order status updated to 'belum_dicetak' for Order ID: 76
[2025-10-22 06:44:33] INFO: Processing purchase records...
[2025-10-22 06:44:33] INFO: Found 1 items in order
[2025-10-22 06:44:33] SUCCESS: Recorded purchase - User: 6, Product: 5 (Gelasan Udhix Green On Fire), Cycle: 10, Qty: 10
[2025-10-22 06:44:33] INFO: Success notification sent to user 6
[2025-10-22 06:44:33] SUCCESS: Database transaction committed
[2025-10-22 06:44:33] ========================================

[2025-10-22 06:56:01] ========================================
[2025-10-22 06:56:01] INFO: Webhook dipanggil pada 2025-10-22 06:56:01
[2025-10-22 06:56:02] DATA: Attempt Order Number: WK2510220016-T1761108957
[2025-10-22 06:56:02] DATA: Transaction Status: pending
[2025-10-22 06:56:02] DATA: Transaction ID: a8fcca10-4709-4881-a752-65664e284ac6
[2025-10-22 06:56:02] DATA: Fraud Status: accept
[2025-10-22 06:56:02] DATA: Status Code: 201
[2025-10-22 06:56:02] DATA: Gross Amount: 500000.00
[2025-10-22 06:56:02] SUCCESS: Signature key valid
[2025-10-22 06:56:02] INFO: Found Order ID: 77
[2025-10-22 06:56:02] INFO: Database transaction started
[2025-10-22 06:56:02] INFO: Current order status: waiting_payment
[2025-10-22 06:56:02] INFO: User ID: 6
[2025-10-22 06:56:02] WARNING: Unhandled transaction status: pending
[2025-10-22 06:56:02] SUCCESS: Database transaction committed
[2025-10-22 06:56:02] ========================================

[2025-10-22 06:56:03] ========================================
[2025-10-22 06:56:03] INFO: Webhook dipanggil pada 2025-10-22 06:56:03
[2025-10-22 06:56:04] DATA: Attempt Order Number: WK2510220016-T1761108957
[2025-10-22 06:56:04] DATA: Transaction Status: settlement
[2025-10-22 06:56:04] DATA: Transaction ID: a8fcca10-4709-4881-a752-65664e284ac6
[2025-10-22 06:56:04] DATA: Fraud Status: accept
[2025-10-22 06:56:04] DATA: Status Code: 200
[2025-10-22 06:56:04] DATA: Gross Amount: 500000.00
[2025-10-22 06:56:04] SUCCESS: Signature key valid
[2025-10-22 06:56:04] INFO: Found Order ID: 77
[2025-10-22 06:56:04] INFO: Database transaction started
[2025-10-22 06:56:04] INFO: Current order status: waiting_payment
[2025-10-22 06:56:04] INFO: User ID: 6
[2025-10-22 06:56:04] ACTION: Payment SUCCESS - Setting status to 'belum_dicetak'
[2025-10-22 06:56:04] SUCCESS: Order status updated to 'belum_dicetak' for Order ID: 77
[2025-10-22 06:56:04] INFO: Processing purchase records...
[2025-10-22 06:56:04] INFO: Found 1 items in order
[2025-10-22 06:56:04] SUCCESS: Recorded purchase - User: 6, Product: 5 (Gelasan Udhix Green On Fire), Cycle: 11, Qty: 10
[2025-10-22 06:56:04] INFO: Success notification sent to user 6
[2025-10-22 06:56:04] SUCCESS: Database transaction committed
[2025-10-22 06:56:04] ========================================

[2025-10-22 06:56:42] ========================================
[2025-10-22 06:56:42] INFO: Webhook dipanggil pada 2025-10-22 06:56:42
[2025-10-22 06:56:43] DATA: Attempt Order Number: WK2510220017-T1761108999
[2025-10-22 06:56:43] DATA: Transaction Status: pending
[2025-10-22 06:56:43] DATA: Transaction ID: 108351ac-9316-4992-8a71-94bac7151a26
[2025-10-22 06:56:43] DATA: Fraud Status: accept
[2025-10-22 06:56:43] DATA: Status Code: 201
[2025-10-22 06:56:43] DATA: Gross Amount: 200000.00
[2025-10-22 06:56:43] SUCCESS: Signature key valid
[2025-10-22 06:56:43] INFO: Found Order ID: 78
[2025-10-22 06:56:43] INFO: Database transaction started
[2025-10-22 06:56:43] INFO: Current order status: waiting_payment
[2025-10-22 06:56:43] INFO: User ID: 6
[2025-10-22 06:56:43] WARNING: Unhandled transaction status: pending
[2025-10-22 06:56:43] SUCCESS: Database transaction committed
[2025-10-22 06:56:43] ========================================

[2025-10-22 06:56:45] ========================================
[2025-10-22 06:56:45] INFO: Webhook dipanggil pada 2025-10-22 06:56:45
[2025-10-22 06:56:46] DATA: Attempt Order Number: WK2510220017-T1761108999
[2025-10-22 06:56:46] DATA: Transaction Status: settlement
[2025-10-22 06:56:46] DATA: Transaction ID: 108351ac-9316-4992-8a71-94bac7151a26
[2025-10-22 06:56:46] DATA: Fraud Status: accept
[2025-10-22 06:56:46] DATA: Status Code: 200
[2025-10-22 06:56:46] DATA: Gross Amount: 200000.00
[2025-10-22 06:56:46] SUCCESS: Signature key valid
[2025-10-22 06:56:46] INFO: Found Order ID: 78
[2025-10-22 06:56:46] INFO: Database transaction started
[2025-10-22 06:56:47] INFO: Current order status: belum_dicetak
[2025-10-22 06:56:47] INFO: User ID: 6
[2025-10-22 06:56:47] INFO: Order already processed. Current status: belum_dicetak. Ignoring.
[2025-10-22 06:57:14] ========================================
[2025-10-22 06:57:14] INFO: Webhook dipanggil pada 2025-10-22 06:57:14
[2025-10-22 06:57:14] DATA: Attempt Order Number: WK2510220018-T1761109030
[2025-10-22 06:57:14] DATA: Transaction Status: pending
[2025-10-22 06:57:14] DATA: Transaction ID: 47f73cb8-22ed-40d4-8fd2-20361ee8c2d1
[2025-10-22 06:57:14] DATA: Fraud Status: accept
[2025-10-22 06:57:14] DATA: Status Code: 201
[2025-10-22 06:57:14] DATA: Gross Amount: 200000.00
[2025-10-22 06:57:14] SUCCESS: Signature key valid
[2025-10-22 06:57:14] INFO: Found Order ID: 79
[2025-10-22 06:57:14] INFO: Database transaction started
[2025-10-22 06:57:14] INFO: Current order status: waiting_payment
[2025-10-22 06:57:14] INFO: User ID: 6
[2025-10-22 06:57:14] WARNING: Unhandled transaction status: pending
[2025-10-22 06:57:14] SUCCESS: Database transaction committed
[2025-10-22 06:57:14] ========================================

[2025-10-22 06:57:38] ========================================
[2025-10-22 06:57:38] INFO: Webhook dipanggil pada 2025-10-22 06:57:38
[2025-10-22 06:57:38] DATA: Attempt Order Number: WK2510220018-T1761109030
[2025-10-22 06:57:38] DATA: Transaction Status: settlement
[2025-10-22 06:57:38] DATA: Transaction ID: 47f73cb8-22ed-40d4-8fd2-20361ee8c2d1
[2025-10-22 06:57:38] DATA: Fraud Status: accept
[2025-10-22 06:57:38] DATA: Status Code: 200
[2025-10-22 06:57:38] DATA: Gross Amount: 200000.00
[2025-10-22 06:57:38] SUCCESS: Signature key valid
[2025-10-22 06:57:38] INFO: Found Order ID: 79
[2025-10-22 06:57:38] INFO: Database transaction started
[2025-10-22 06:57:38] INFO: Current order status: waiting_payment
[2025-10-22 06:57:38] INFO: User ID: 6
[2025-10-22 06:57:38] ACTION: Payment SUCCESS - Setting status to 'belum_dicetak'
[2025-10-22 06:57:38] SUCCESS: Order status updated to 'belum_dicetak' for Order ID: 79
[2025-10-22 06:57:38] INFO: Processing purchase records...
[2025-10-22 06:57:38] INFO: Found 1 items in order
[2025-10-22 06:57:38] SUCCESS: Recorded purchase - User: 6, Product: 6 (Gelasan Wibu Evolution), Cycle: 5, Qty: 5
[2025-10-22 06:57:38] INFO: Success notification sent to user 6
[2025-10-22 06:57:38] SUCCESS: Database transaction committed
[2025-10-22 06:57:38] ========================================

[2025-10-22 06:59:12] ========================================
[2025-10-22 06:59:12] INFO: Webhook dipanggil pada 2025-10-22 06:59:12
[2025-10-22 06:59:13] DATA: Attempt Order Number: WK2510220019-T1761109148
[2025-10-22 06:59:13] DATA: Transaction Status: pending
[2025-10-22 06:59:13] DATA: Transaction ID: 9411a001-e071-466e-9d81-9f82302b666d
[2025-10-22 06:59:13] DATA: Fraud Status: accept
[2025-10-22 06:59:13] DATA: Status Code: 201
[2025-10-22 06:59:13] DATA: Gross Amount: 200000.00
[2025-10-22 06:59:13] SUCCESS: Signature key valid
[2025-10-22 06:59:13] INFO: Found Order ID: 80
[2025-10-22 06:59:13] INFO: Database transaction started
[2025-10-22 06:59:13] INFO: Current order status: waiting_payment
[2025-10-22 06:59:13] INFO: User ID: 6
[2025-10-22 06:59:13] WARNING: Unhandled transaction status: pending
[2025-10-22 06:59:13] SUCCESS: Database transaction committed
[2025-10-22 06:59:13] ========================================

[2025-10-22 06:59:29] ========================================
[2025-10-22 06:59:29] INFO: Webhook dipanggil pada 2025-10-22 06:59:29
[2025-10-22 06:59:30] DATA: Attempt Order Number: WK2510220019-T1761109148
[2025-10-22 06:59:30] DATA: Transaction Status: settlement
[2025-10-22 06:59:30] DATA: Transaction ID: 9411a001-e071-466e-9d81-9f82302b666d
[2025-10-22 06:59:30] DATA: Fraud Status: accept
[2025-10-22 06:59:30] DATA: Status Code: 200
[2025-10-22 06:59:30] DATA: Gross Amount: 200000.00
[2025-10-22 06:59:30] SUCCESS: Signature key valid
[2025-10-22 06:59:30] INFO: Found Order ID: 80
[2025-10-22 06:59:30] INFO: Database transaction started
[2025-10-22 06:59:30] INFO: Current order status: waiting_payment
[2025-10-22 06:59:30] INFO: User ID: 6
[2025-10-22 06:59:30] ACTION: Payment SUCCESS - Setting status to 'belum_dicetak'
[2025-10-22 06:59:30] SUCCESS: Order status updated to 'belum_dicetak' for Order ID: 80
[2025-10-22 06:59:30] INFO: Processing purchase records...
[2025-10-22 06:59:30] INFO: Found 1 items in order
[2025-10-22 06:59:30] SUCCESS: Recorded purchase - User: 6, Product: 6 (Gelasan Wibu Evolution), Cycle: 6, Qty: 5
[2025-10-22 06:59:30] INFO: Success notification sent to user 6
[2025-10-22 06:59:30] SUCCESS: Database transaction committed
[2025-10-22 06:59:30] ========================================

[2025-10-22 06:59:54] ========================================
[2025-10-22 06:59:54] INFO: Webhook dipanggil pada 2025-10-22 06:59:54
[2025-10-22 06:59:54] DATA: Attempt Order Number: WK2510220020-T1761109190
[2025-10-22 06:59:54] DATA: Transaction Status: pending
[2025-10-22 06:59:54] DATA: Transaction ID: 9aa0f289-cc4f-4025-a435-4a09e251a98e
[2025-10-22 06:59:54] DATA: Fraud Status: accept
[2025-10-22 06:59:54] DATA: Status Code: 201
[2025-10-22 06:59:54] DATA: Gross Amount: 500000.00
[2025-10-22 06:59:54] SUCCESS: Signature key valid
[2025-10-22 06:59:54] INFO: Found Order ID: 81
[2025-10-22 06:59:54] INFO: Database transaction started
[2025-10-22 06:59:54] INFO: Current order status: waiting_payment
[2025-10-22 06:59:54] INFO: User ID: 6
[2025-10-22 06:59:54] WARNING: Unhandled transaction status: pending
[2025-10-22 06:59:54] SUCCESS: Database transaction committed
[2025-10-22 06:59:54] ========================================

[2025-10-22 06:59:57] ========================================
[2025-10-22 06:59:57] INFO: Webhook dipanggil pada 2025-10-22 06:59:57
[2025-10-22 06:59:58] DATA: Attempt Order Number: WK2510220020-T1761109190
[2025-10-22 06:59:58] DATA: Transaction Status: settlement
[2025-10-22 06:59:58] DATA: Transaction ID: 9aa0f289-cc4f-4025-a435-4a09e251a98e
[2025-10-22 06:59:58] DATA: Fraud Status: accept
[2025-10-22 06:59:58] DATA: Status Code: 200
[2025-10-22 06:59:58] DATA: Gross Amount: 500000.00
[2025-10-22 06:59:58] SUCCESS: Signature key valid
[2025-10-22 06:59:58] INFO: Found Order ID: 81
[2025-10-22 06:59:58] INFO: Database transaction started
[2025-10-22 06:59:58] INFO: Current order status: waiting_payment
[2025-10-22 06:59:58] INFO: User ID: 6
[2025-10-22 06:59:58] ACTION: Payment SUCCESS - Setting status to 'belum_dicetak'
[2025-10-22 06:59:58] SUCCESS: Order status updated to 'belum_dicetak' for Order ID: 81
[2025-10-22 06:59:58] INFO: Processing purchase records...
[2025-10-22 06:59:58] INFO: Found 1 items in order
[2025-10-22 06:59:58] SUCCESS: Recorded purchase - User: 6, Product: 5 (Gelasan Udhix Green On Fire), Cycle: 12, Qty: 10
[2025-10-22 06:59:58] INFO: Success notification sent to user 6
[2025-10-22 06:59:58] SUCCESS: Database transaction committed
[2025-10-22 06:59:58] ========================================

[2025-10-22 07:12:57] ========================================
[2025-10-22 07:12:57] INFO: Webhook dipanggil pada 2025-10-22 07:12:57
[2025-10-22 07:12:58] DATA: Attempt Order Number: WK2510220021-T1761109971
[2025-10-22 07:12:58] DATA: Transaction Status: pending
[2025-10-22 07:12:58] DATA: Transaction ID: 704657ce-25b8-4529-bb89-7cd89e368428
[2025-10-22 07:12:58] DATA: Fraud Status: accept
[2025-10-22 07:12:58] DATA: Status Code: 201
[2025-10-22 07:12:58] DATA: Gross Amount: 500000.00
[2025-10-22 07:12:58] SUCCESS: Signature key valid
[2025-10-22 07:12:58] INFO: Found Order ID: 82
[2025-10-22 07:12:58] INFO: Database transaction started
[2025-10-22 07:12:58] INFO: Current order status: waiting_payment
[2025-10-22 07:12:58] INFO: User ID: 6
[2025-10-22 07:12:58] WARNING: Unhandled transaction status: pending
[2025-10-22 07:12:58] SUCCESS: Database transaction committed
[2025-10-22 07:12:58] ========================================

[2025-10-22 07:14:41] ========================================
[2025-10-22 07:14:41] INFO: Webhook dipanggil pada 2025-10-22 07:14:41
[2025-10-22 07:14:42] DATA: Attempt Order Number: WK2510220021-T1761109971
[2025-10-22 07:14:42] DATA: Transaction Status: settlement
[2025-10-22 07:14:42] DATA: Transaction ID: 704657ce-25b8-4529-bb89-7cd89e368428
[2025-10-22 07:14:42] DATA: Fraud Status: accept
[2025-10-22 07:14:42] DATA: Status Code: 200
[2025-10-22 07:14:42] DATA: Gross Amount: 500000.00
[2025-10-22 07:14:42] SUCCESS: Signature key valid
[2025-10-22 07:14:42] INFO: Found Order ID: 82
[2025-10-22 07:14:42] INFO: Database transaction started
[2025-10-22 07:14:42] INFO: Current order status: waiting_payment
[2025-10-22 07:14:42] INFO: User ID: 6
[2025-10-22 07:14:42] ACTION: Payment SUCCESS - Setting status to 'belum_dicetak'
[2025-10-22 07:14:42] SUCCESS: Order status updated to 'belum_dicetak' for Order ID: 82
[2025-10-22 07:14:42] INFO: Processing purchase records...
[2025-10-22 07:14:42] INFO: Found 1 items in order
[2025-10-22 07:14:42] SUCCESS: Recorded purchase - User: 6, Product: 5 (Gelasan Udhix Green On Fire), Cycle: 13, Qty: 10
[2025-10-22 07:14:42] INFO: Success notification sent to user 6
[2025-10-22 07:14:42] SUCCESS: Database transaction committed
[2025-10-22 07:14:42] ========================================

[2025-10-22 07:26:08] ========================================
[2025-10-22 07:26:08] INFO: Webhook dipanggil pada 2025-10-22 07:26:08
[2025-10-22 07:26:10] DATA: Attempt Order Number: WK-1761022273-6-1761023633-3
[2025-10-22 07:26:10] DATA: Transaction Status: expire
[2025-10-22 07:26:10] DATA: Transaction ID: 354cc425-e531-43fb-9213-65b03ae132f8
[2025-10-22 07:26:10] DATA: Fraud Status: accept
[2025-10-22 07:26:10] DATA: Status Code: 407
[2025-10-22 07:26:10] DATA: Gross Amount: 90000.00
[2025-10-22 07:26:10] SUCCESS: Signature key valid
[2025-10-22 07:26:10] INFO: Found Order ID: 29
[2025-10-22 07:26:10] INFO: Database transaction started
[2025-10-22 07:26:10] INFO: Current order status: belum_dicetak
[2025-10-22 07:26:10] INFO: User ID: 6
[2025-10-22 07:26:10] INFO: Order already processed. Current status: belum_dicetak. Ignoring.
[2025-10-22 07:26:49] ========================================
[2025-10-22 07:26:49] INFO: Webhook dipanggil pada 2025-10-22 07:26:49
[2025-10-22 07:26:50] DATA: Attempt Order Number: WK-1761022273-6-1761023633-5
[2025-10-22 07:26:50] DATA: Transaction Status: expire
[2025-10-22 07:26:50] DATA: Transaction ID: 6cdb3d20-b17e-48d1-96e4-87c47eee03f9
[2025-10-22 07:26:50] DATA: Fraud Status: accept
[2025-10-22 07:26:50] DATA: Status Code: 407
[2025-10-22 07:26:50] DATA: Gross Amount: 90000.00
[2025-10-22 07:26:50] SUCCESS: Signature key valid
[2025-10-22 07:26:50] INFO: Found Order ID: 29
[2025-10-22 07:26:50] INFO: Database transaction started
[2025-10-22 07:26:50] INFO: Current order status: belum_dicetak
[2025-10-22 07:26:50] INFO: User ID: 6
[2025-10-22 07:26:50] INFO: Order already processed. Current status: belum_dicetak. Ignoring.
[2025-10-22 08:34:54] ========================================
[2025-10-22 08:34:54] INFO: Webhook dipanggil pada 2025-10-22 08:34:54
[2025-10-22 08:34:55] DATA: Attempt Order Number: WK2510220022-T1761114876
[2025-10-22 08:34:55] DATA: Transaction Status: pending
[2025-10-22 08:34:55] DATA: Transaction ID: a3f7c822-b1cc-4e41-bc61-47f317a545ef
[2025-10-22 08:34:55] DATA: Fraud Status: accept
[2025-10-22 08:34:55] DATA: Status Code: 201
[2025-10-22 08:34:55] DATA: Gross Amount: 500000.00
[2025-10-22 08:34:55] SUCCESS: Signature key valid
[2025-10-22 08:34:55] INFO: Found Order ID: 83
[2025-10-22 08:34:55] INFO: Database transaction started
[2025-10-22 08:34:55] INFO: Current order status: waiting_payment
[2025-10-22 08:34:55] INFO: User ID: 6
[2025-10-22 08:34:55] WARNING: Unhandled transaction status: pending
[2025-10-22 08:34:55] SUCCESS: Database transaction committed
[2025-10-22 08:34:55] ========================================

[2025-10-22 08:34:58] ========================================
[2025-10-22 08:34:58] INFO: Webhook dipanggil pada 2025-10-22 08:34:58
[2025-10-22 08:34:59] DATA: Attempt Order Number: WK2510220022-T1761114876
[2025-10-22 08:34:59] DATA: Transaction Status: settlement
[2025-10-22 08:34:59] DATA: Transaction ID: a3f7c822-b1cc-4e41-bc61-47f317a545ef
[2025-10-22 08:34:59] DATA: Fraud Status: accept
[2025-10-22 08:34:59] DATA: Status Code: 200
[2025-10-22 08:34:59] DATA: Gross Amount: 500000.00
[2025-10-22 08:34:59] SUCCESS: Signature key valid
[2025-10-22 08:34:59] INFO: Found Order ID: 83
[2025-10-22 08:34:59] INFO: Database transaction started
[2025-10-22 08:34:59] INFO: Current order status: waiting_payment
[2025-10-22 08:34:59] INFO: User ID: 6
[2025-10-22 08:34:59] ACTION: Payment SUCCESS - Setting status to 'belum_dicetak'
[2025-10-22 08:34:59] SUCCESS: Order status updated to 'belum_dicetak' for Order ID: 83
[2025-10-22 08:34:59] INFO: Processing purchase records...
[2025-10-22 08:34:59] INFO: Found 1 items in order
[2025-10-22 08:34:59] SUCCESS: Recorded purchase - User: 6, Product: 5 (Gelasan Udhix Green On Fire), Cycle: 14, Qty: 10
[2025-10-22 08:34:59] INFO: Success notification sent to user 6
[2025-10-22 08:34:59] SUCCESS: Database transaction committed
[2025-10-22 08:34:59] ========================================

[2025-10-22 09:05:02] ========================================
[2025-10-22 09:05:02] INFO: Webhook dipanggil pada 2025-10-22 09:05:02
[2025-10-22 09:05:03] DATA: Attempt Order Number: WK2510220023-T1761116698
[2025-10-22 09:05:03] DATA: Transaction Status: pending
[2025-10-22 09:05:03] DATA: Transaction ID: 63037758-8411-4444-9f2a-bca3fc3c8b37
[2025-10-22 09:05:03] DATA: Fraud Status: accept
[2025-10-22 09:05:03] DATA: Status Code: 201
[2025-10-22 09:05:03] DATA: Gross Amount: 250000.00
[2025-10-22 09:05:03] SUCCESS: Signature key valid
[2025-10-22 09:05:03] INFO: Found Order ID: 84
[2025-10-22 09:05:03] INFO: Database transaction started
[2025-10-22 09:05:03] INFO: Current order status: waiting_payment
[2025-10-22 09:05:03] INFO: User ID: 6
[2025-10-22 09:05:03] WARNING: Unhandled transaction status: pending
[2025-10-22 09:05:03] SUCCESS: Database transaction committed
[2025-10-22 09:05:03] ========================================

[2025-10-22 09:05:04] ========================================
[2025-10-22 09:05:04] INFO: Webhook dipanggil pada 2025-10-22 09:05:04
[2025-10-22 09:05:05] DATA: Attempt Order Number: WK2510220023-T1761116698
[2025-10-22 09:05:05] DATA: Transaction Status: settlement
[2025-10-22 09:05:05] DATA: Transaction ID: 63037758-8411-4444-9f2a-bca3fc3c8b37
[2025-10-22 09:05:05] DATA: Fraud Status: accept
[2025-10-22 09:05:05] DATA: Status Code: 200
[2025-10-22 09:05:05] DATA: Gross Amount: 250000.00
[2025-10-22 09:05:05] SUCCESS: Signature key valid
[2025-10-22 09:05:05] INFO: Found Order ID: 84
[2025-10-22 09:05:05] INFO: Database transaction started
[2025-10-22 09:05:05] INFO: Current order status: waiting_payment
[2025-10-22 09:05:05] INFO: User ID: 6
[2025-10-22 09:05:05] ACTION: Payment SUCCESS - Setting status to 'belum_dicetak'
[2025-10-22 09:05:05] SUCCESS: Order status updated to 'belum_dicetak' for Order ID: 84
[2025-10-22 09:05:05] INFO: Processing purchase records...
[2025-10-22 09:05:05] INFO: Found 1 items in order
[2025-10-22 09:05:05] SUCCESS: Recorded purchase - User: 6, Product: 5 (Gelasan Udhix Green On Fire), Cycle: 15, Qty: 5
[2025-10-22 09:05:05] INFO: Success notification sent to user 6
[2025-10-22 09:05:05] SUCCESS: Database transaction committed
[2025-10-22 09:05:05] ========================================

[2025-10-22 09:26:02] ========================================
[2025-10-22 09:26:02] INFO: Webhook dipanggil pada 2025-10-22 09:26:02
[2025-10-22 09:26:03] DATA: Attempt Order Number: WK2510220024-T1761117955
[2025-10-22 09:26:03] DATA: Transaction Status: pending
[2025-10-22 09:26:03] DATA: Transaction ID: e2c0435a-ce2f-4e78-876d-4ed857d9583b
[2025-10-22 09:26:03] DATA: Fraud Status: accept
[2025-10-22 09:26:03] DATA: Status Code: 201
[2025-10-22 09:26:03] DATA: Gross Amount: 250000.00
[2025-10-22 09:26:03] SUCCESS: Signature key valid
[2025-10-22 09:26:03] INFO: Found Order ID: 85
[2025-10-22 09:26:03] INFO: Database transaction started
[2025-10-22 09:26:03] INFO: Current order status: waiting_payment
[2025-10-22 09:26:03] INFO: User ID: 6
[2025-10-22 09:26:03] WARNING: Unhandled transaction status: pending
[2025-10-22 09:26:03] SUCCESS: Database transaction committed
[2025-10-22 09:26:03] ========================================

[2025-10-22 09:26:08] ========================================
[2025-10-22 09:26:08] INFO: Webhook dipanggil pada 2025-10-22 09:26:08
[2025-10-22 09:26:09] DATA: Attempt Order Number: WK2510220024-T1761117955
[2025-10-22 09:26:09] DATA: Transaction Status: settlement
[2025-10-22 09:26:09] DATA: Transaction ID: e2c0435a-ce2f-4e78-876d-4ed857d9583b
[2025-10-22 09:26:09] DATA: Fraud Status: accept
[2025-10-22 09:26:09] DATA: Status Code: 200
[2025-10-22 09:26:09] DATA: Gross Amount: 250000.00
[2025-10-22 09:26:09] SUCCESS: Signature key valid
[2025-10-22 09:26:09] INFO: Found Order ID: 85
[2025-10-22 09:26:09] INFO: Database transaction started
[2025-10-22 09:26:09] INFO: Current order status: waiting_payment
[2025-10-22 09:26:09] INFO: User ID: 6
[2025-10-22 09:26:09] ACTION: Payment SUCCESS - Setting status to 'belum_dicetak'
[2025-10-22 09:26:09] SUCCESS: Order status updated to 'belum_dicetak' for Order ID: 85
[2025-10-22 09:26:09] INFO: Processing purchase records...
[2025-10-22 09:26:09] INFO: Found 1 items in order
[2025-10-22 09:26:09] SUCCESS: Recorded purchase - User: 6, Product: 5 (Gelasan Udhix Green On Fire), Cycle: 15, Qty: 5
[2025-10-22 09:26:09] INFO: Success notification sent to user 6
[2025-10-22 09:26:09] SUCCESS: Database transaction committed
[2025-10-22 09:26:09] ========================================

[2025-10-22 10:09:38] ========================================
[2025-10-22 10:09:38] INFO: Webhook dipanggil pada 2025-10-22 10:09:38
[2025-10-22 10:09:42] DATA: Attempt Order Number: WK2510220025-T1761120562
[2025-10-22 10:09:42] DATA: Transaction Status: pending
[2025-10-22 10:09:42] DATA: Transaction ID: aed01be7-a2e2-4646-ad67-71f2d09e813f
[2025-10-22 10:09:42] DATA: Fraud Status: accept
[2025-10-22 10:09:42] DATA: Status Code: 201
[2025-10-22 10:09:42] DATA: Gross Amount: 100000.00
[2025-10-22 10:09:42] SUCCESS: Signature key valid
[2025-10-22 10:09:42] INFO: Found Order ID: 86
[2025-10-22 10:09:42] INFO: Database transaction started
[2025-10-22 10:09:42] INFO: Current order status: waiting_payment
[2025-10-22 10:09:42] INFO: User ID: 5
[2025-10-22 10:09:42] WARNING: Unhandled transaction status: pending
[2025-10-22 10:09:42] SUCCESS: Database transaction committed
[2025-10-22 10:09:42] ========================================

[2025-10-22 10:09:50] ========================================
[2025-10-22 10:09:50] INFO: Webhook dipanggil pada 2025-10-22 10:09:50
[2025-10-22 10:09:51] DATA: Attempt Order Number: WK2510220025-T1761120562
[2025-10-22 10:09:51] DATA: Transaction Status: settlement
[2025-10-22 10:09:51] DATA: Transaction ID: aed01be7-a2e2-4646-ad67-71f2d09e813f
[2025-10-22 10:09:51] DATA: Fraud Status: accept
[2025-10-22 10:09:51] DATA: Status Code: 200
[2025-10-22 10:09:51] DATA: Gross Amount: 100000.00
[2025-10-22 10:09:51] SUCCESS: Signature key valid
[2025-10-22 10:09:51] INFO: Found Order ID: 86
[2025-10-22 10:09:51] INFO: Database transaction started
[2025-10-22 10:09:51] INFO: Current order status: waiting_payment
[2025-10-22 10:09:51] INFO: User ID: 5
[2025-10-22 10:09:51] ACTION: Payment SUCCESS - Setting status to 'belum_dicetak'
[2025-10-22 10:09:51] SUCCESS: Order status updated to 'belum_dicetak' for Order ID: 86
[2025-10-22 10:09:51] INFO: Processing purchase records...
[2025-10-22 10:09:51] INFO: Found 1 items in order
[2025-10-22 10:09:51] SUCCESS: Recorded purchase - User: 5, Product: 5 (Gelasan Udhix Green On Fire), Cycle: 15, Qty: 2
[2025-10-22 10:09:51] INFO: Success notification sent to user 5
[2025-10-22 10:09:51] SUCCESS: Database transaction committed
[2025-10-22 10:09:51] ========================================

[2025-10-22 10:28:49] ========================================
[2025-10-22 10:28:49] INFO: Webhook dipanggil pada 2025-10-22 10:28:49
[2025-10-22 10:29:01] FATAL: Midtrans Notification Error: Midtrans API is returning API error. HTTP status code: 500 API response: {"status_code":"500","status_message":"Sorry. Our system is recovering from unexpected issues. Please retry.","id":"e65d36c5-53aa-4730-9e62-4b86bb65eb62"}
[2025-10-22 10:29:01] FATAL: Stack trace: #0 C:\xampp\htdocs\warok\vendor\midtrans\midtrans-php\Midtrans\ApiRequestor.php(25): Midtrans\ApiRequestor::remoteCall('https://api.san...', 'Mid-server-kffW...', false, 'GET')
#1 C:\xampp\htdocs\warok\vendor\midtrans\midtrans-php\Midtrans\Transaction.php(22): Midtrans\ApiRequestor::get('https://api.san...', 'Mid-server-kffW...', false)
#2 C:\xampp\htdocs\warok\vendor\midtrans\midtrans-php\Midtrans\Notification.php(26): Midtrans\Transaction::status('66da818e-4bf9-4...')
#3 C:\xampp\htdocs\warok\midtrans\midtrans_webhook.php(33): Midtrans\Notification->__construct()
#4 {main}
[2025-10-22 10:29:01] ========================================

[2025-10-22 10:31:14] ========================================
[2025-10-22 10:31:14] INFO: Webhook dipanggil pada 2025-10-22 10:31:14
[2025-10-22 10:31:15] DATA: Attempt Order Number: WK2510220026-T1761121722
[2025-10-22 10:31:15] DATA: Transaction Status: pending
[2025-10-22 10:31:15] DATA: Transaction ID: 66da818e-4bf9-4dd8-90f9-12406383200f
[2025-10-22 10:31:15] DATA: Fraud Status: accept
[2025-10-22 10:31:15] DATA: Status Code: 201
[2025-10-22 10:31:15] DATA: Gross Amount: 50000.00
[2025-10-22 10:31:15] SUCCESS: Signature key valid
[2025-10-22 10:31:15] INFO: Found Order ID: 87
[2025-10-22 10:31:15] INFO: Database transaction started
[2025-10-22 10:31:15] INFO: Current order status: waiting_payment
[2025-10-22 10:31:15] INFO: User ID: 5
[2025-10-22 10:31:15] WARNING: Unhandled transaction status: pending
[2025-10-22 10:31:15] SUCCESS: Database transaction committed
[2025-10-22 10:31:16] ========================================

[2025-10-22 10:44:49] ========================================
[2025-10-22 10:44:49] INFO: Webhook dipanggil pada 2025-10-22 10:44:49
[2025-10-22 10:44:50] DATA: Attempt Order Number: WK2510220026-T1761121722
[2025-10-22 10:44:50] DATA: Transaction Status: expire
[2025-10-22 10:44:50] DATA: Transaction ID: 66da818e-4bf9-4dd8-90f9-12406383200f
[2025-10-22 10:44:50] DATA: Fraud Status: accept
[2025-10-22 10:44:50] DATA: Status Code: 407
[2025-10-22 10:44:50] DATA: Gross Amount: 50000.00
[2025-10-22 10:44:50] SUCCESS: Signature key valid
[2025-10-22 10:44:50] INFO: Found Order ID: 87
[2025-10-22 10:44:50] INFO: Database transaction started
[2025-10-22 10:44:50] INFO: Current order status: waiting_payment
[2025-10-22 10:44:50] INFO: User ID: 5
[2025-10-22 10:44:50] ACTION: Payment FAILED/CANCELLED - Setting status to 'cancelled'
[2025-10-22 10:44:50] SUCCESS: Order status updated to 'cancelled' for Order ID: 87
[2025-10-22 10:44:50] INFO: Restocking cancelled order items...
[2025-10-22 10:44:50] SUCCESS: Restocked Product 5: +1
[2025-10-22 10:44:50] INFO: Cancellation notification sent to user 5
[2025-10-22 10:44:50] SUCCESS: Database transaction committed
[2025-10-22 10:44:50] ========================================

[2025-10-22 10:45:41] ========================================
[2025-10-22 10:45:41] INFO: Webhook dipanggil pada 2025-10-22 10:45:41
[2025-10-22 10:45:42] DATA: Attempt Order Number: WK2510220027-T1761122737
[2025-10-22 10:45:42] DATA: Transaction Status: pending
[2025-10-22 10:45:42] DATA: Transaction ID: 500e6d55-4bd5-482b-938d-912590e7ca36
[2025-10-22 10:45:42] DATA: Fraud Status: accept
[2025-10-22 10:45:42] DATA: Status Code: 201
[2025-10-22 10:45:42] DATA: Gross Amount: 500000.00
[2025-10-22 10:45:42] SUCCESS: Signature key valid
[2025-10-22 10:45:42] INFO: Found Order ID: 88
[2025-10-22 10:45:42] INFO: Database transaction started
[2025-10-22 10:45:42] INFO: Current order status: waiting_payment
[2025-10-22 10:45:42] INFO: User ID: 6
[2025-10-22 10:45:42] WARNING: Unhandled transaction status: pending
[2025-10-22 10:45:42] SUCCESS: Database transaction committed
[2025-10-22 10:45:42] ========================================

[2025-10-22 10:45:44] ========================================
[2025-10-22 10:45:44] INFO: Webhook dipanggil pada 2025-10-22 10:45:44
[2025-10-22 10:45:45] DATA: Attempt Order Number: WK2510220027-T1761122737
[2025-10-22 10:45:45] DATA: Transaction Status: settlement
[2025-10-22 10:45:45] DATA: Transaction ID: 500e6d55-4bd5-482b-938d-912590e7ca36
[2025-10-22 10:45:45] DATA: Fraud Status: accept
[2025-10-22 10:45:45] DATA: Status Code: 200
[2025-10-22 10:45:45] DATA: Gross Amount: 500000.00
[2025-10-22 10:45:45] SUCCESS: Signature key valid
[2025-10-22 10:45:45] INFO: Found Order ID: 88
[2025-10-22 10:45:45] INFO: Database transaction started
[2025-10-22 10:45:45] INFO: Current order status: waiting_payment
[2025-10-22 10:45:45] INFO: User ID: 6
[2025-10-22 10:45:45] ACTION: Payment SUCCESS - Setting status to 'belum_dicetak'
[2025-10-22 10:45:45] SUCCESS: Order status updated to 'belum_dicetak' for Order ID: 88
[2025-10-22 10:45:45] INFO: Processing purchase records...
[2025-10-22 10:45:45] INFO: Found 1 items in order
[2025-10-22 10:45:45] SUCCESS: Recorded purchase - User: 6, Product: 5 (Gelasan Udhix Green On Fire), Cycle: 16, Qty: 10
[2025-10-22 10:45:45] INFO: Success notification sent to user 6
[2025-10-22 10:45:45] SUCCESS: Database transaction committed
[2025-10-22 10:45:45] ========================================

[2025-10-22 10:53:20] ========================================
[2025-10-22 10:53:20] INFO: Webhook dipanggil pada 2025-10-22 10:53:20
[2025-10-22 10:53:21] DATA: Attempt Order Number: WK2510220029-T1761123195
[2025-10-22 10:53:21] DATA: Transaction Status: pending
[2025-10-22 10:53:21] DATA: Transaction ID: 0101218d-afa5-4f8c-8d12-8088dd54cc01
[2025-10-22 10:53:21] DATA: Fraud Status: accept
[2025-10-22 10:53:21] DATA: Status Code: 201
[2025-10-22 10:53:21] DATA: Gross Amount: 100000.00
[2025-10-22 10:53:21] SUCCESS: Signature key valid
[2025-10-22 10:53:21] INFO: Found Order ID: 90
[2025-10-22 10:53:21] INFO: Database transaction started
[2025-10-22 10:53:21] INFO: Current order status: waiting_payment
[2025-10-22 10:53:21] INFO: User ID: 6
[2025-10-22 10:53:21] WARNING: Unhandled transaction status: pending
[2025-10-22 10:53:21] SUCCESS: Database transaction committed
[2025-10-22 10:53:21] ========================================

[2025-10-22 10:53:21] ========================================
[2025-10-22 10:53:21] INFO: Webhook dipanggil pada 2025-10-22 10:53:21
[2025-10-22 10:53:22] DATA: Attempt Order Number: WK2510220029-T1761123195
[2025-10-22 10:53:22] DATA: Transaction Status: settlement
[2025-10-22 10:53:22] DATA: Transaction ID: 0101218d-afa5-4f8c-8d12-8088dd54cc01
[2025-10-22 10:53:22] DATA: Fraud Status: accept
[2025-10-22 10:53:22] DATA: Status Code: 200
[2025-10-22 10:53:22] DATA: Gross Amount: 100000.00
[2025-10-22 10:53:22] SUCCESS: Signature key valid
[2025-10-22 10:53:22] INFO: Found Order ID: 90
[2025-10-22 10:53:22] INFO: Database transaction started
[2025-10-22 10:53:22] INFO: Current order status: waiting_payment
[2025-10-22 10:53:22] INFO: User ID: 6
[2025-10-22 10:53:22] ACTION: Payment SUCCESS - Setting status to 'belum_dicetak'
[2025-10-22 10:53:22] SUCCESS: Order status updated to 'belum_dicetak' for Order ID: 90
[2025-10-22 10:53:22] INFO: Processing purchase records...
[2025-10-22 10:53:22] INFO: Found 1 items in order
[2025-10-22 10:53:22] SUCCESS: Recorded purchase - User: 6, Product: 5 (Gelasan Udhix Green On Fire), Cycle: 17, Qty: 2
[2025-10-22 10:53:22] INFO: Success notification sent to user 6
[2025-10-22 10:53:22] SUCCESS: Database transaction committed
[2025-10-22 10:53:22] ========================================

[2025-10-22 10:53:37] ========================================
[2025-10-22 10:53:37] INFO: Webhook dipanggil pada 2025-10-22 10:53:37
[2025-10-22 10:53:38] DATA: Attempt Order Number: A120251022085339i9Bj4dFawuID
[2025-10-22 10:53:38] DATA: Transaction Status: pending
[2025-10-22 10:53:38] DATA: Transaction ID: A120251022085339i9Bj4dFawuID
[2025-10-22 10:53:38] DATA: Fraud Status: accept
[2025-10-22 10:53:38] DATA: Status Code: 201
[2025-10-22 10:53:38] DATA: Gross Amount: 500000.00
[2025-10-22 10:53:38] SUCCESS: Signature key valid
[2025-10-22 10:53:38] ERROR: Order not found for attempt: A120251022085339i9Bj4dFawuID
[2025-10-22 10:53:43] ========================================
[2025-10-22 10:53:43] INFO: Webhook dipanggil pada 2025-10-22 10:53:43
[2025-10-22 10:53:44] DATA: Attempt Order Number: A120251022085339i9Bj4dFawuID
[2025-10-22 10:53:44] DATA: Transaction Status: settlement
[2025-10-22 10:53:44] DATA: Transaction ID: A120251022085339i9Bj4dFawuID
[2025-10-22 10:53:44] DATA: Fraud Status: accept
[2025-10-22 10:53:44] DATA: Status Code: 200
[2025-10-22 10:53:44] DATA: Gross Amount: 500000.00
[2025-10-22 10:53:44] SUCCESS: Signature key valid
[2025-10-22 10:53:44] ERROR: Order not found for attempt: A120251022085339i9Bj4dFawuID
[2025-10-22 10:54:38] ========================================
[2025-10-22 10:54:38] INFO: Webhook dipanggil pada 2025-10-22 10:54:38
[2025-10-22 10:54:39] DATA: Attempt Order Number: A120251022085339i9Bj4dFawuID
[2025-10-22 10:54:39] DATA: Transaction Status: settlement
[2025-10-22 10:54:39] DATA: Transaction ID: A120251022085339i9Bj4dFawuID
[2025-10-22 10:54:39] DATA: Fraud Status: accept
[2025-10-22 10:54:39] DATA: Status Code: 200
[2025-10-22 10:54:39] DATA: Gross Amount: 500000.00
[2025-10-22 10:54:39] SUCCESS: Signature key valid
[2025-10-22 10:54:39] ERROR: Order not found for attempt: A120251022085339i9Bj4dFawuID
[2025-10-22 10:54:45] ========================================
[2025-10-22 10:54:45] INFO: Webhook dipanggil pada 2025-10-22 10:54:45
[2025-10-22 10:54:46] DATA: Attempt Order Number: A120251022085339i9Bj4dFawuID
[2025-10-22 10:54:46] DATA: Transaction Status: settlement
[2025-10-22 10:54:46] DATA: Transaction ID: A120251022085339i9Bj4dFawuID
[2025-10-22 10:54:47] DATA: Fraud Status: accept
[2025-10-22 10:54:47] DATA: Status Code: 200
[2025-10-22 10:54:47] DATA: Gross Amount: 500000.00
[2025-10-22 10:54:47] SUCCESS: Signature key valid
[2025-10-22 10:54:47] ERROR: Order not found for attempt: A120251022085339i9Bj4dFawuID
[2025-10-22 10:55:39] ========================================
[2025-10-22 10:55:39] INFO: Webhook dipanggil pada 2025-10-22 10:55:39
[2025-10-22 10:55:41] DATA: Attempt Order Number: A120251022085339i9Bj4dFawuID
[2025-10-22 10:55:41] DATA: Transaction Status: settlement
[2025-10-22 10:55:41] DATA: Transaction ID: A120251022085339i9Bj4dFawuID
[2025-10-22 10:55:41] DATA: Fraud Status: accept
[2025-10-22 10:55:41] DATA: Status Code: 200
[2025-10-22 10:55:41] DATA: Gross Amount: 500000.00
[2025-10-22 10:55:41] SUCCESS: Signature key valid
[2025-10-22 10:55:41] ERROR: Order not found for attempt: A120251022085339i9Bj4dFawuID
[2025-10-22 10:55:47] ========================================
[2025-10-22 10:55:47] INFO: Webhook dipanggil pada 2025-10-22 10:55:47
[2025-10-22 10:55:48] DATA: Attempt Order Number: A120251022085339i9Bj4dFawuID
[2025-10-22 10:55:48] DATA: Transaction Status: settlement
[2025-10-22 10:55:48] DATA: Transaction ID: A120251022085339i9Bj4dFawuID
[2025-10-22 10:55:48] DATA: Fraud Status: accept
[2025-10-22 10:55:48] DATA: Status Code: 200
[2025-10-22 10:55:48] DATA: Gross Amount: 500000.00
[2025-10-22 10:55:48] SUCCESS: Signature key valid
[2025-10-22 10:55:48] ERROR: Order not found for attempt: A120251022085339i9Bj4dFawuID
[2025-10-22 10:59:46] ========================================
[2025-10-22 10:59:46] INFO: Webhook dipanggil pada 2025-10-22 10:59:46
[2025-10-22 10:59:47] DATA: Attempt Order Number: A120251022085947xilNUmdx6jID
[2025-10-22 10:59:47] DATA: Transaction Status: pending
[2025-10-22 10:59:47] DATA: Transaction ID: A120251022085947xilNUmdx6jID
[2025-10-22 10:59:47] DATA: Fraud Status: accept
[2025-10-22 10:59:47] DATA: Status Code: 201
[2025-10-22 10:59:47] DATA: Gross Amount: 40000.00
[2025-10-22 10:59:47] SUCCESS: Signature key valid
[2025-10-22 10:59:47] ERROR: Order not found for attempt: A120251022085947xilNUmdx6jID
[2025-10-22 10:59:51] ========================================
[2025-10-22 10:59:51] INFO: Webhook dipanggil pada 2025-10-22 10:59:51
[2025-10-22 10:59:51] DATA: Attempt Order Number: A120251022085947xilNUmdx6jID
[2025-10-22 10:59:51] DATA: Transaction Status: settlement
[2025-10-22 10:59:51] DATA: Transaction ID: A120251022085947xilNUmdx6jID
[2025-10-22 10:59:51] DATA: Fraud Status: accept
[2025-10-22 10:59:51] DATA: Status Code: 200
[2025-10-22 10:59:51] DATA: Gross Amount: 40000.00
[2025-10-22 10:59:51] SUCCESS: Signature key valid
[2025-10-22 10:59:51] ERROR: Order not found for attempt: A120251022085947xilNUmdx6jID
[2025-10-22 11:00:14] ========================================
[2025-10-22 11:00:14] INFO: Webhook dipanggil pada 2025-10-22 11:00:14
[2025-10-22 11:00:15] DATA: Attempt Order Number: WK2510220031-T1761123610
[2025-10-22 11:00:15] DATA: Transaction Status: pending
[2025-10-22 11:00:15] DATA: Transaction ID: c7a94441-1af3-45fb-9b2c-845764558601
[2025-10-22 11:00:15] DATA: Fraud Status: accept
[2025-10-22 11:00:15] DATA: Status Code: 201
[2025-10-22 11:00:15] DATA: Gross Amount: 50000.00
[2025-10-22 11:00:15] SUCCESS: Signature key valid
[2025-10-22 11:00:15] INFO: Found Order ID: 92
[2025-10-22 11:00:15] INFO: Database transaction started
[2025-10-22 11:00:15] INFO: Current order status: waiting_payment
[2025-10-22 11:00:15] INFO: User ID: 6
[2025-10-22 11:00:15] WARNING: Unhandled transaction status: pending
[2025-10-22 11:00:15] SUCCESS: Database transaction committed
[2025-10-22 11:00:15] ========================================

[2025-10-22 11:00:20] ========================================
[2025-10-22 11:00:20] INFO: Webhook dipanggil pada 2025-10-22 11:00:20
[2025-10-22 11:00:21] DATA: Attempt Order Number: WK2510220031-T1761123610
[2025-10-22 11:00:21] DATA: Transaction Status: settlement
[2025-10-22 11:00:21] DATA: Transaction ID: c7a94441-1af3-45fb-9b2c-845764558601
[2025-10-22 11:00:21] DATA: Fraud Status: accept
[2025-10-22 11:00:21] DATA: Status Code: 200
[2025-10-22 11:00:21] DATA: Gross Amount: 50000.00
[2025-10-22 11:00:21] SUCCESS: Signature key valid
[2025-10-22 11:00:21] INFO: Found Order ID: 92
[2025-10-22 11:00:21] INFO: Database transaction started
[2025-10-22 11:00:21] INFO: Current order status: waiting_payment
[2025-10-22 11:00:21] INFO: User ID: 6
[2025-10-22 11:00:21] ACTION: Payment SUCCESS - Setting status to 'belum_dicetak'
[2025-10-22 11:00:21] SUCCESS: Order status updated to 'belum_dicetak' for Order ID: 92
[2025-10-22 11:00:21] INFO: Processing purchase records...
[2025-10-22 11:00:21] INFO: Found 1 items in order
[2025-10-22 11:00:21] SUCCESS: Recorded purchase - User: 6, Product: 5 (Gelasan Udhix Green On Fire), Cycle: 17, Qty: 1
[2025-10-22 11:00:21] INFO: Success notification sent to user 6
[2025-10-22 11:00:21] SUCCESS: Database transaction committed
[2025-10-22 11:00:21] ========================================

[2025-10-22 11:00:47] ========================================
[2025-10-22 11:00:47] INFO: Webhook dipanggil pada 2025-10-22 11:00:47
[2025-10-22 11:00:49] DATA: Attempt Order Number: A120251022085947xilNUmdx6jID
[2025-10-22 11:00:49] DATA: Transaction Status: settlement
[2025-10-22 11:00:49] DATA: Transaction ID: A120251022085947xilNUmdx6jID
[2025-10-22 11:00:49] DATA: Fraud Status: accept
[2025-10-22 11:00:49] DATA: Status Code: 200
[2025-10-22 11:00:49] DATA: Gross Amount: 40000.00
[2025-10-22 11:00:49] SUCCESS: Signature key valid
[2025-10-22 11:00:49] ERROR: Order not found for attempt: A120251022085947xilNUmdx6jID
[2025-10-22 11:00:51] ========================================
[2025-10-22 11:00:51] INFO: Webhook dipanggil pada 2025-10-22 11:00:51
[2025-10-22 11:00:54] DATA: Attempt Order Number: A120251022085947xilNUmdx6jID
[2025-10-22 11:00:54] DATA: Transaction Status: settlement
[2025-10-22 11:00:54] DATA: Transaction ID: A120251022085947xilNUmdx6jID
[2025-10-22 11:00:54] DATA: Fraud Status: accept
[2025-10-22 11:00:54] DATA: Status Code: 200
[2025-10-22 11:00:54] DATA: Gross Amount: 40000.00
[2025-10-22 11:00:54] SUCCESS: Signature key valid
[2025-10-22 11:00:54] ERROR: Order not found for attempt: A120251022085947xilNUmdx6jID
[2025-10-22 11:01:51] ========================================
[2025-10-22 11:01:51] INFO: Webhook dipanggil pada 2025-10-22 11:01:51
[2025-10-22 11:01:52] DATA: Attempt Order Number: A120251022085947xilNUmdx6jID
[2025-10-22 11:01:52] DATA: Transaction Status: settlement
[2025-10-22 11:01:52] DATA: Transaction ID: A120251022085947xilNUmdx6jID
[2025-10-22 11:01:52] DATA: Fraud Status: accept
[2025-10-22 11:01:52] DATA: Status Code: 200
[2025-10-22 11:01:52] DATA: Gross Amount: 40000.00
[2025-10-22 11:01:52] SUCCESS: Signature key valid
[2025-10-22 11:01:52] ERROR: Order not found for attempt: A120251022085947xilNUmdx6jID
[2025-10-22 11:01:54] ========================================
[2025-10-22 11:01:54] INFO: Webhook dipanggil pada 2025-10-22 11:01:54
[2025-10-22 11:01:55] DATA: Attempt Order Number: A120251022085947xilNUmdx6jID
[2025-10-22 11:01:55] DATA: Transaction Status: settlement
[2025-10-22 11:01:55] DATA: Transaction ID: A120251022085947xilNUmdx6jID
[2025-10-22 11:01:55] DATA: Fraud Status: accept
[2025-10-22 11:01:55] DATA: Status Code: 200
[2025-10-22 11:01:55] DATA: Gross Amount: 40000.00
[2025-10-22 11:01:55] SUCCESS: Signature key valid
[2025-10-22 11:01:55] ERROR: Order not found for attempt: A120251022085947xilNUmdx6jID
